  Source.cpp
C:\Users\Admin\Documents\Advent of Code\Dag 13 - Care Package\Care Package del 2\Care Package del 2\Source.cpp(77,29): warning C4244: 'argument': conversion from 'float' to 'int', possible loss of data
C:\Users\Admin\Documents\Advent of Code\Dag 13 - Care Package\Care Package del 2\Care Package del 2\Source.cpp(93,30): warning C4244: 'argument': conversion from 'float' to 'int', possible loss of data
C:\Users\Admin\Documents\Advent of Code\Dag 13 - Care Package\Care Package del 2\Care Package del 2\Source.cpp(99,28): warning C4244: '=': conversion from 'double' to 'int', possible loss of data
C:\Users\Admin\Documents\Advent of Code\Dag 13 - Care Package\Care Package del 2\Care Package del 2\Source.cpp(103,67): warning C4244: 'argument': conversion from 'double' to 'int', possible loss of data
C:\Users\Admin\Documents\Advent of Code\Dag 13 - Care Package\Care Package del 2\Care Package del 2\Source.cpp(103,49): warning C4244: 'argument': conversion from 'double' to 'int', possible loss of data
C:\Users\Admin\Documents\Advent of Code\Dag 13 - Care Package\Care Package del 2\Care Package del 2\Source.cpp(103,31): warning C4244: 'argument': conversion from 'double' to 'int', possible loss of data
C:\Users\Admin\Documents\Advent of Code\Dag 13 - Care Package\Care Package del 2\Care Package del 2\Source.cpp(111,7): error C2143: syntax error: missing ';' before '<<'
C:\Users\Admin\Documents\Advent of Code\Dag 13 - Care Package\Care Package del 2\Care Package del 2\Source.cpp(111,7): error C4430: missing type specifier - int assumed. Note: C++ does not support default-int
C:\Users\Admin\Documents\Advent of Code\Dag 13 - Care Package\Care Package del 2\Care Package del 2\Source.cpp(111,2): error C2371: 'std::cout': redefinition; different basic types
C:\Program Files (x86)\Microsoft Visual Studio\2019\Community\VC\Tools\MSVC\14.23.28105\include\iostream(30): message : see declaration of 'std::cout'
C:\Users\Admin\Documents\Advent of Code\Dag 13 - Care Package\Care Package del 2\Care Package del 2\Source.cpp(113,2): error C2059: syntax error: 'if'
C:\Users\Admin\Documents\Advent of Code\Dag 13 - Care Package\Care Package del 2\Care Package del 2\Source.cpp(113,28): error C2143: syntax error: missing ';' before '{'
C:\Users\Admin\Documents\Advent of Code\Dag 13 - Care Package\Care Package del 2\Care Package del 2\Source.cpp(113,28): error C2447: '{': missing function header (old-style formal list?)
C:\Users\Admin\Documents\Advent of Code\Dag 13 - Care Package\Care Package del 2\Care Package del 2\Source.cpp(118,1): error C2059: syntax error: '}'
C:\Users\Admin\Documents\Advent of Code\Dag 13 - Care Package\Care Package del 2\Care Package del 2\Source.cpp(118,1): error C2143: syntax error: missing ';' before '}'
C:\Users\Admin\Documents\Advent of Code\Dag 13 - Care Package\Care Package del 2\Care Package del 2\Source.cpp(122,13): error C2143: syntax error: missing ';' before '{'
C:\Users\Admin\Documents\Advent of Code\Dag 13 - Care Package\Care Package del 2\Care Package del 2\Source.cpp(122,13): error C2447: '{': missing function header (old-style formal list?)
C:\Users\Admin\Documents\Advent of Code\Dag 13 - Care Package\Care Package del 2\Care Package del 2\Source.cpp(142,17): warning C4244: '=': conversion from 'double' to 'int', possible loss of data
C:\Users\Admin\Documents\Advent of Code\Dag 13 - Care Package\Care Package del 2\Care Package del 2\Source.cpp(185,13): warning C4244: 'initializing': conversion from 'double' to 'int', possible loss of data
C:\Users\Admin\Documents\Advent of Code\Dag 13 - Care Package\Care Package del 2\Care Package del 2\Source.cpp(194,44): warning C4244: 'argument': conversion from '__int64' to 'int', possible loss of data
C:\Users\Admin\Documents\Advent of Code\Dag 13 - Care Package\Care Package del 2\Care Package del 2\Source.cpp(230,10): error C2088: '<<': illegal for class
C:\Users\Admin\Documents\Advent of Code\Dag 13 - Care Package\Care Package del 2\Care Package del 2\Source.cpp(253,10): error C2088: '<<': illegal for class
C:\Users\Admin\Documents\Advent of Code\Dag 13 - Care Package\Care Package del 2\Care Package del 2\Source.cpp(284,33): warning C4244: 'initializing': conversion from '__int64' to 'unsigned long', possible loss of data
C:\Users\Admin\Documents\Advent of Code\Dag 13 - Care Package\Care Package del 2\Care Package del 2\Source.cpp(305,33): warning C4244: 'initializing': conversion from '__int64' to 'unsigned long', possible loss of data
C:\Users\Admin\Documents\Advent of Code\Dag 13 - Care Package\Care Package del 2\Care Package del 2\Source.cpp(326,21): error C2664: 'void displayGrid(intGrid *,void *)': cannot convert argument 1 from 'intGrid **' to 'intGrid *'
C:\Users\Admin\Documents\Advent of Code\Dag 13 - Care Package\Care Package del 2\Care Package del 2\Source.cpp(326,16): message : Types pointed to are unrelated; conversion requires reinterpret_cast, C-style cast or function-style cast
C:\Users\Admin\Documents\Advent of Code\Dag 13 - Care Package\Care Package del 2\Care Package del 2\Source.cpp(17,6): message : see declaration of 'displayGrid'
C:\Users\Admin\Documents\Advent of Code\Dag 13 - Care Package\Care Package del 2\Care Package del 2\Source.cpp(328,17): error C2563: mismatch in formal parameter list
C:\Users\Admin\Documents\Advent of Code\Dag 13 - Care Package\Care Package del 2\Care Package del 2\Source.cpp(328,17): error C2568: '<<': unable to resolve function overload
C:\Users\Admin\Documents\Advent of Code\Dag 13 - Care Package\Care Package del 2\Care Package del 2\Source.cpp(328,17): message : could be 'std::basic_ostream<_Elem,_Traits> &std::endl(std::basic_ostream<_Elem,_Traits> &)'
C:\Users\Admin\Documents\Advent of Code\Dag 13 - Care Package\Care Package del 2\Care Package del 2\Source.cpp(338,26): warning C4244: '=': conversion from '__int64' to 'double', possible loss of data
C:\Users\Admin\Documents\Advent of Code\Dag 13 - Care Package\Care Package del 2\Care Package del 2\Source.cpp(340,26): warning C4244: '=': conversion from '__int64' to 'double', possible loss of data
C:\Users\Admin\Documents\Advent of Code\Dag 13 - Care Package\Care Package del 2\Care Package del 2\Source.cpp(342,26): warning C4244: '=': conversion from '__int64' to 'double', possible loss of data
C:\Users\Admin\Documents\Advent of Code\Dag 13 - Care Package\Care Package del 2\Care Package del 2\Source.cpp(345,30): warning C4244: '=': conversion from 'double' to 'int', possible loss of data
C:\Users\Admin\Documents\Advent of Code\Dag 13 - Care Package\Care Package del 2\Care Package del 2\Source.cpp(346,19): error C2563: mismatch in formal parameter list
C:\Users\Admin\Documents\Advent of Code\Dag 13 - Care Package\Care Package del 2\Care Package del 2\Source.cpp(346,19): error C2568: '<<': unable to resolve function overload
C:\Users\Admin\Documents\Advent of Code\Dag 13 - Care Package\Care Package del 2\Care Package del 2\Source.cpp(346,19): message : could be 'std::basic_ostream<_Elem,_Traits> &std::endl(std::basic_ostream<_Elem,_Traits> &)'
C:\Users\Admin\Documents\Advent of Code\Dag 13 - Care Package\Care Package del 2\Care Package del 2\Source.cpp(349,82): error C2664: 'void changeGrid(intGrid *,int,int,int)': cannot convert argument 1 from 'intGrid **' to 'intGrid *'
C:\Users\Admin\Documents\Advent of Code\Dag 13 - Care Package\Care Package del 2\Care Package del 2\Source.cpp(349,17): message : Types pointed to are unrelated; conversion requires reinterpret_cast, C-style cast or function-style cast
C:\Users\Admin\Documents\Advent of Code\Dag 13 - Care Package\Care Package del 2\Care Package del 2\Source.cpp(16,6): message : see declaration of 'changeGrid'
C:\Users\Admin\Documents\Advent of Code\Dag 13 - Care Package\Care Package del 2\Care Package del 2\Source.cpp(359,10): error C2088: '<<': illegal for class
C:\Users\Admin\Documents\Advent of Code\Dag 13 - Care Package\Care Package del 2\Care Package del 2\Source.cpp(364,9): warning C4244: '=': conversion from '__int64' to 'int', possible loss of data
C:\Users\Admin\Documents\Advent of Code\Dag 13 - Care Package\Care Package del 2\Care Package del 2\Source.cpp(370,9): warning C4244: '=': conversion from '__int64' to 'int', possible loss of data
C:\Users\Admin\Documents\Advent of Code\Dag 13 - Care Package\Care Package del 2\Care Package del 2\Source.cpp(389,33): warning C4244: '+=': conversion from '__int64' to 'int', possible loss of data
C:\Users\Admin\Documents\Advent of Code\Dag 13 - Care Package\Care Package del 2\Care Package del 2\Source.cpp(393,9): error C2088: '<<': illegal for class
C:\Users\Admin\Documents\Advent of Code\Dag 13 - Care Package\Care Package del 2\Care Package del 2\Source.cpp(335,3): error C2360: initialization of 'joystick' is skipped by 'case' label
C:\Users\Admin\Documents\Advent of Code\Dag 13 - Care Package\Care Package del 2\Care Package del 2\Source.cpp(327): message : see declaration of 'joystick'
C:\Users\Admin\Documents\Advent of Code\Dag 13 - Care Package\Care Package del 2\Care Package del 2\Source.cpp(362,3): error C2360: initialization of 'joystick' is skipped by 'case' label
C:\Users\Admin\Documents\Advent of Code\Dag 13 - Care Package\Care Package del 2\Care Package del 2\Source.cpp(327): message : see declaration of 'joystick'
C:\Users\Admin\Documents\Advent of Code\Dag 13 - Care Package\Care Package del 2\Care Package del 2\Source.cpp(368,3): error C2360: initialization of 'joystick' is skipped by 'case' label
C:\Users\Admin\Documents\Advent of Code\Dag 13 - Care Package\Care Package del 2\Care Package del 2\Source.cpp(327): message : see declaration of 'joystick'
C:\Users\Admin\Documents\Advent of Code\Dag 13 - Care Package\Care Package del 2\Care Package del 2\Source.cpp(374,3): error C2360: initialization of 'joystick' is skipped by 'case' label
C:\Users\Admin\Documents\Advent of Code\Dag 13 - Care Package\Care Package del 2\Care Package del 2\Source.cpp(327): message : see declaration of 'joystick'
C:\Users\Admin\Documents\Advent of Code\Dag 13 - Care Package\Care Package del 2\Care Package del 2\Source.cpp(381,3): error C2360: initialization of 'joystick' is skipped by 'case' label
C:\Users\Admin\Documents\Advent of Code\Dag 13 - Care Package\Care Package del 2\Care Package del 2\Source.cpp(327): message : see declaration of 'joystick'
C:\Users\Admin\Documents\Advent of Code\Dag 13 - Care Package\Care Package del 2\Care Package del 2\Source.cpp(388,3): error C2360: initialization of 'joystick' is skipped by 'case' label
C:\Users\Admin\Documents\Advent of Code\Dag 13 - Care Package\Care Package del 2\Care Package del 2\Source.cpp(327): message : see declaration of 'joystick'
C:\Users\Admin\Documents\Advent of Code\Dag 13 - Care Package\Care Package del 2\Care Package del 2\Source.cpp(392,3): error C2361: initialization of 'joystick' is skipped by 'default' label
C:\Users\Admin\Documents\Advent of Code\Dag 13 - Care Package\Care Package del 2\Care Package del 2\Source.cpp(327): message : see declaration of 'joystick'
C:\Users\Admin\Documents\Advent of Code\Dag 13 - Care Package\Care Package del 2\Care Package del 2\Source.cpp(493,14): error C2563: mismatch in formal parameter list
C:\Users\Admin\Documents\Advent of Code\Dag 13 - Care Package\Care Package del 2\Care Package del 2\Source.cpp(493,14): error C2568: '<<': unable to resolve function overload
C:\Users\Admin\Documents\Advent of Code\Dag 13 - Care Package\Care Package del 2\Care Package del 2\Source.cpp(493,14): message : could be 'std::basic_ostream<_Elem,_Traits> &std::endl(std::basic_ostream<_Elem,_Traits> &)'
C:\Users\Admin\Documents\Advent of Code\Dag 13 - Care Package\Care Package del 2\Care Package del 2\Source.cpp(500,10): error C2088: '<<': illegal for class
C:\Users\Admin\Documents\Advent of Code\Dag 13 - Care Package\Care Package del 2\Care Package del 2\Source.cpp(502,10): error C2088: '<<': illegal for class
C:\Users\Admin\Documents\Advent of Code\Dag 13 - Care Package\Care Package del 2\Care Package del 2\Source.cpp(504,10): error C2088: '<<': illegal for class
C:\Users\Admin\Documents\Advent of Code\Dag 13 - Care Package\Care Package del 2\Care Package del 2\Source.cpp(506,10): error C2088: '<<': illegal for class
C:\Users\Admin\Documents\Advent of Code\Dag 13 - Care Package\Care Package del 2\Care Package del 2\Source.cpp(508,10): error C2088: '<<': illegal for class
C:\Users\Admin\Documents\Advent of Code\Dag 13 - Care Package\Care Package del 2\Care Package del 2\Source.cpp(510,10): error C2088: '<<': illegal for class
C:\Users\Admin\Documents\Advent of Code\Dag 13 - Care Package\Care Package del 2\Care Package del 2\Source.cpp(512,15): error C2563: mismatch in formal parameter list
C:\Users\Admin\Documents\Advent of Code\Dag 13 - Care Package\Care Package del 2\Care Package del 2\Source.cpp(512,15): error C2568: '<<': unable to resolve function overload
C:\Users\Admin\Documents\Advent of Code\Dag 13 - Care Package\Care Package del 2\Care Package del 2\Source.cpp(512,15): message : could be 'std::basic_ostream<_Elem,_Traits> &std::endl(std::basic_ostream<_Elem,_Traits> &)'
